2023-05-10 15:02:20,428 [INFO] - process started
2023-05-10 15:03:46,713 [INFO] - process started
2023-05-10 15:03:49,677 [INFO] - Calling Macquarie_ov
2023-05-10 15:03:49,678 [INFO] - Inside MACQUARIE_OV
2023-05-10 15:05:02,985 [INFO] - Dataframe made from TC file
2023-05-10 15:05:15,038 [INFO] - File loaded in workbook
2023-05-10 15:29:38,573 [INFO] - process started
2023-05-10 15:29:41,362 [INFO] - Calling Macquarie_ov
2023-05-10 15:29:41,363 [INFO] - Inside MACQUARIE_OV
2023-05-10 15:29:59,652 [INFO] - Dataframe made from TC file
2023-05-10 15:30:08,856 [INFO] - File loaded in workbook
2023-05-10 15:30:51,930 [INFO] - data went for first sheet
2023-05-10 15:30:55,101 [INFO] - data went for first sheet
2023-05-10 15:30:58,833 [INFO] - data went for first sheet
2023-05-10 15:31:02,308 [INFO] - data went for first sheet
2023-05-10 15:32:00,614 [INFO] - sheet activated for Power-435
2023-05-10 15:35:56,438 [INFO] - process started
2023-05-10 15:35:59,027 [INFO] - Calling Macquarie_ov
2023-05-10 15:35:59,028 [INFO] - Inside MACQUARIE_OV
2023-05-10 15:36:03,963 [INFO] - Dataframe made from TC file
2023-05-10 15:36:20,224 [INFO] - File loaded in workbook
2023-05-10 15:36:41,696 [INFO] - data went for first sheet
2023-05-10 15:36:43,445 [INFO] - data went for first sheet
2023-05-10 15:37:14,422 [INFO] - data went for first sheet
2023-05-10 15:37:25,029 [INFO] - data went for first sheet
2023-05-10 15:37:52,154 [INFO] - sheet activated for Power-435
2023-05-10 15:41:22,456 [INFO] - sheet activated for Power-436
2023-05-10 15:48:43,850 [INFO] - sheet activated for Spread-440
2023-05-10 15:50:29,674 [INFO] - process started
2023-05-10 15:50:31,327 [INFO] - Calling Macquarie_ov
2023-05-10 15:50:31,328 [INFO] - Inside MACQUARIE_OV
2023-05-10 15:50:35,580 [INFO] - Dataframe made from TC file
2023-05-10 15:50:39,781 [INFO] - File loaded in workbook
2023-05-10 15:56:06,306 [INFO] - process started
2023-05-10 15:56:07,996 [INFO] - Calling Macquarie_ov
2023-05-10 15:56:07,996 [INFO] - Inside MACQUARIE_OV
2023-05-10 15:56:16,573 [INFO] - Dataframe made from TC file
2023-05-10 15:56:44,809 [INFO] - File loaded in workbook
2023-05-10 15:57:02,814 [INFO] - sheet activated for Spread-440
2023-05-10 15:58:04,335 [INFO] - sheet activated for Center-442
2023-05-10 16:01:00,311 [ERROR] - Exception caught in download because: 'str' object has no attribute 'strftime'
Traceback (most recent call last):
  File "c:\Users\Pakhi.laad\Macquarie_ov\main.py", line 103, in MACQUARIE_OV
    pre_month = pre_date.strftime("%m")
AttributeError: 'str' object has no attribute 'strftime'

During handling of the above exception, another exception occurred:

Traceback (most recent call last):
  File "c:\Users\Pakhi.laad\Macquarie_ov\main.py", line 108, in MACQUARIE_OV
    pre_month = pre_date.strftime("%m")
AttributeError: 'str' object has no attribute 'strftime'
2023-05-10 16:01:41,451 [INFO] - process started
2023-05-10 16:01:43,212 [INFO] - Calling Macquarie_ov
2023-05-10 16:01:43,213 [INFO] - Inside MACQUARIE_OV
2023-05-10 16:01:49,379 [INFO] - Dataframe made from TC file
2023-05-10 16:01:53,904 [INFO] - File loaded in workbook
2023-05-10 16:02:01,851 [INFO] - sheet activated for Center-442
2023-05-10 16:03:02,333 [INFO] - sheet activated for Center-444
2023-05-10 16:03:33,002 [INFO] - Save changes to workbook
2023-05-10 16:03:34,367 [INFO] - Closed workbook
2023-05-10 16:03:35,314 [INFO] -  Engine Disposed ---- end
2023-05-10 16:09:23,688 [INFO] - process started
2023-05-10 16:09:59,755 [INFO] - Calling Macquarie_ov
2023-05-10 16:09:59,756 [INFO] - Inside MACQUARIE_OV
2023-05-10 16:11:17,747 [INFO] - Dataframe made from TC file
2023-05-10 16:11:22,570 [INFO] - File loaded in workbook
2023-05-10 16:23:17,864 [INFO] - process started
2023-05-10 16:23:19,376 [INFO] - Calling Macquarie_ov
2023-05-10 16:23:19,376 [INFO] - Inside MACQUARIE_OV
2023-05-10 16:23:32,577 [INFO] - Dataframe made from TC file
2023-05-10 16:23:37,563 [INFO] - File loaded in workbook
2023-05-10 16:27:41,743 [INFO] - data went for first sheet
2023-05-10 16:28:04,011 [INFO] - sheet activated for WC-431
2023-05-10 16:31:54,183 [INFO] - sheet activated for Power-433
2023-05-10 16:34:18,601 [INFO] - sheet activated for Bulk-434
2023-05-10 16:38:03,848 [INFO] - sheet activated for Power-436
2023-05-10 16:41:22,489 [INFO] - sheet activated for Spread-440
2023-05-10 16:42:54,199 [INFO] - sheet activated for Center-442
2023-05-10 16:43:29,372 [INFO] - sheet activated for Center-443
2023-05-10 16:50:04,673 [INFO] - process started
2023-05-10 16:50:08,774 [INFO] - Calling Macquarie_ov
2023-05-10 16:50:08,774 [INFO] - Inside MACQUARIE_OV
2023-05-10 16:51:38,338 [INFO] - Dataframe made from TC file
2023-05-10 16:52:01,179 [INFO] - File loaded in workbook
2023-05-10 16:53:11,957 [INFO] - sheet activated for Center-443
2023-05-10 16:53:26,135 [INFO] - sheet activated for Power-446
2023-05-10 16:53:27,976 [ERROR] - Exception caught in download because: 'str' object has no attribute 'strftime'
Traceback (most recent call last):
  File "c:\Users\Pakhi.laad\Macquarie_ov\main.py", line 103, in MACQUARIE_OV
    pre_month = pre_date.strftime("%m")
AttributeError: 'str' object has no attribute 'strftime'

During handling of the above exception, another exception occurred:

Traceback (most recent call last):
  File "c:\Users\Pakhi.laad\Macquarie_ov\main.py", line 108, in MACQUARIE_OV
    pre_month = pre_date.strftime("%m")
AttributeError: 'str' object has no attribute 'strftime'
2023-05-10 16:56:04,488 [INFO] - process started
2023-05-10 16:56:11,646 [INFO] - Calling Macquarie_ov
2023-05-10 16:56:11,646 [INFO] - Inside MACQUARIE_OV
2023-05-10 16:56:18,470 [INFO] - Dataframe made from TC file
2023-05-10 16:56:58,359 [INFO] - File loaded in workbook
2023-05-10 16:57:03,186 [INFO] - sheet activated for Power-448
2023-05-10 16:57:06,194 [INFO] - Save changes to workbook
2023-05-10 16:57:26,455 [INFO] - Closed workbook
2023-05-10 16:57:26,456 [INFO] -  Engine Disposed ---- end
2023-05-10 16:57:26,471 [INFO] - Snowflake Connector for Python Version: 2.7.9, Python Version: 3.8.5, Platform: Windows-10-10.0.19041-SP0
2023-05-10 16:57:26,472 [INFO] - This connection is in OCSP Fail Open Mode. TLS Certificates would be checked for validity and revocation status. Any other Certificate Revocation related exceptions or OCSP Responder failures would be disregarded in favor of connectivity.
2023-05-10 16:57:26,472 [INFO] - Setting use_openssl_only mode to False
2023-05-10 16:57:29,292 [INFO] - query: [SELECT 1]
2023-05-10 16:57:29,567 [INFO] - query execution done
2023-05-10 16:57:29,583 [INFO] - query: [select * from POWERDB.PLOG.BU_CONFIG_PARAMS where PROJECT_NAME = 'BU_ALERTS' and...]
2023-05-10 16:57:29,865 [INFO] - query execution done
2023-05-10 16:57:29,874 [INFO] - closed
2023-05-10 16:57:30,116 [INFO] - No async queries seem to be running, deleting session
2023-05-10 16:59:25,886 [INFO] - process started
2023-05-10 16:59:28,211 [INFO] - Calling Macquarie_ov
2023-05-10 16:59:28,212 [INFO] - Inside MACQUARIE_OV
2023-05-10 16:59:33,365 [INFO] - Dataframe made from TC file
2023-05-10 16:59:49,459 [INFO] - File loaded in workbook
2023-05-10 17:00:09,985 [INFO] - data went for first sheet
2023-05-10 17:00:41,897 [INFO] - sheet activated for Bulk-434
2023-05-10 17:00:58,189 [INFO] - sheet activated for Power-435
2023-05-10 17:01:17,449 [INFO] - sheet activated for Power-436
2023-05-10 17:01:27,713 [INFO] - sheet activated for Spread-440
2023-05-10 17:01:37,492 [INFO] - sheet activated for Center-442
2023-05-10 17:01:49,067 [INFO] - sheet activated for Center-444
2023-05-10 17:01:58,813 [INFO] - sheet activated for Power-445
2023-05-10 17:06:41,256 [INFO] - process started
2023-05-10 17:06:44,438 [INFO] - Calling Macquarie_ov
2023-05-10 17:06:44,439 [INFO] - Inside MACQUARIE_OV
2023-05-10 17:07:31,586 [INFO] - Dataframe made from TC file
2023-05-10 17:08:01,282 [INFO] - File loaded in workbook
2023-05-10 17:08:36,907 [INFO] - sheet activated for Power-445
2023-05-10 17:08:43,709 [INFO] - sheet activated for Power-446
2023-05-10 17:08:52,781 [INFO] - sheet activated for Power-448
2023-05-10 17:08:53,628 [INFO] - Save changes to workbook
2023-05-10 17:09:50,493 [INFO] - process started
2023-05-10 17:09:52,081 [INFO] - Calling Macquarie_ov
2023-05-10 17:09:52,082 [INFO] - Inside MACQUARIE_OV
2023-05-10 17:09:56,678 [INFO] - Dataframe made from TC file
2023-05-10 17:10:01,895 [INFO] - File loaded in workbook
2023-05-10 17:12:26,704 [INFO] - sheet activated for WC-431
2023-05-10 17:12:34,793 [INFO] - sheet activated for Bulk-434
2023-05-10 17:12:40,971 [INFO] - sheet activated for Power-435
2023-05-10 17:12:45,822 [INFO] - sheet activated for Power-436
2023-05-10 17:12:52,210 [INFO] - sheet activated for Power-437
2023-05-10 17:12:59,384 [INFO] - sheet activated for Spread-440
2023-05-10 17:13:08,512 [INFO] - sheet activated for Center-442
2023-05-10 17:13:13,526 [INFO] - sheet activated for Center-443
2023-05-10 17:14:33,117 [INFO] - Save changes to workbook
2023-05-10 17:14:34,443 [INFO] - Closed workbook
2023-05-10 17:14:34,444 [INFO] -  Engine Disposed ---- end
2023-05-10 17:14:34,453 [INFO] - Snowflake Connector for Python Version: 2.7.9, Python Version: 3.8.5, Platform: Windows-10-10.0.19041-SP0
2023-05-10 17:14:34,454 [INFO] - This connection is in OCSP Fail Open Mode. TLS Certificates would be checked for validity and revocation status. Any other Certificate Revocation related exceptions or OCSP Responder failures would be disregarded in favor of connectivity.
2023-05-10 17:14:34,454 [INFO] - Setting use_openssl_only mode to False
2023-05-10 17:14:37,042 [INFO] - query: [SELECT 1]
2023-05-10 17:14:37,311 [INFO] - query execution done
2023-05-10 17:14:37,315 [INFO] - query: [select * from POWERDB.PLOG.BU_CONFIG_PARAMS where PROJECT_NAME = 'BU_ALERTS' and...]
2023-05-10 17:14:37,625 [INFO] - query execution done
2023-05-10 17:14:37,627 [INFO] - closed
2023-05-10 17:14:37,885 [INFO] - No async queries seem to be running, deleting session
2023-05-10 17:14:57,419 [INFO] - process started
2023-05-10 17:14:59,175 [INFO] - Calling Macquarie_ov
2023-05-10 17:14:59,175 [INFO] - Inside MACQUARIE_OV
2023-05-10 17:15:05,786 [INFO] - Dataframe made from TC file
2023-05-10 17:15:16,469 [INFO] - File loaded in workbook
2023-05-10 17:15:23,339 [INFO] - data went for first sheet
2023-05-10 17:15:46,139 [INFO] - sheet activated for Power-435
2023-05-10 17:15:54,579 [INFO] - sheet activated for Power-436
2023-05-10 17:15:59,464 [INFO] - sheet activated for Power-437
2023-05-10 17:16:05,691 [INFO] - sheet activated for Spread-440
2023-05-10 17:16:12,799 [INFO] - sheet activated for Center-442
2023-05-10 17:16:18,421 [INFO] - sheet activated for Center-444
2023-05-10 17:16:25,858 [INFO] - sheet activated for Power-448
2023-05-10 17:16:26,844 [INFO] - Save changes to workbook
2023-05-10 17:17:08,157 [INFO] - process started
2023-05-10 17:17:10,204 [INFO] - Calling Macquarie_ov
2023-05-10 17:17:10,205 [INFO] - Inside MACQUARIE_OV
2023-05-10 17:17:11,168 [INFO] -  Engine Disposed ---- end
2023-05-10 17:17:11,180 [INFO] - Snowflake Connector for Python Version: 2.7.9, Python Version: 3.8.5, Platform: Windows-10-10.0.19041-SP0
2023-05-10 17:17:11,180 [INFO] - This connection is in OCSP Fail Open Mode. TLS Certificates would be checked for validity and revocation status. Any other Certificate Revocation related exceptions or OCSP Responder failures would be disregarded in favor of connectivity.
2023-05-10 17:17:11,181 [INFO] - Setting use_openssl_only mode to False
2023-05-10 17:17:14,022 [INFO] - query: [SELECT 1]
2023-05-10 17:17:14,312 [INFO] - query execution done
2023-05-10 17:17:14,315 [INFO] - query: [select * from POWERDB.PLOG.BU_CONFIG_PARAMS where PROJECT_NAME = 'BU_ALERTS' and...]
2023-05-10 17:17:14,593 [INFO] - query execution done
2023-05-10 17:17:14,597 [INFO] - closed
2023-05-10 17:17:14,837 [INFO] - No async queries seem to be running, deleting session
2023-05-10 17:21:34,706 [INFO] - process started
2023-05-10 17:21:36,197 [INFO] - Calling Macquarie_ov
2023-05-10 17:21:36,197 [INFO] - Inside MACQUARIE_OV
2023-05-10 17:22:11,318 [INFO] - Dataframe made from TC file
2023-05-10 17:22:43,539 [INFO] - File loaded in workbook
2023-05-10 17:22:51,412 [INFO] - data went for first sheet
2023-05-10 17:22:59,686 [INFO] - sheet activated for Bulk-434
2023-05-10 17:33:22,572 [INFO] - sheet activated for Power-435
2023-05-10 17:35:32,133 [INFO] - sheet activated for Power-436
2023-05-10 17:35:41,231 [INFO] - sheet activated for Spread-440
2023-05-10 17:36:05,489 [INFO] - sheet activated for Center-442
2023-05-10 17:40:34,022 [INFO] - process started
2023-05-10 17:40:35,919 [INFO] - Calling Macquarie_ov
2023-05-10 17:40:35,919 [INFO] - Inside MACQUARIE_OV
2023-05-10 17:40:42,934 [INFO] - Dataframe made from TC file
2023-05-10 17:40:50,949 [INFO] - File loaded in workbook
2023-05-10 17:41:43,980 [INFO] - data went for first sheet
2023-05-10 17:41:52,016 [INFO] - sheet activated for Bulk-434
2023-05-10 17:41:57,234 [INFO] - sheet activated for Power-435
2023-05-10 17:42:02,185 [INFO] - sheet activated for Power-436
2023-05-10 17:42:09,228 [INFO] - sheet activated for Spread-440
2023-05-10 17:42:14,778 [INFO] - sheet activated for Center-442
2023-05-10 17:42:36,472 [INFO] - sheet activated for Center-443
2023-05-10 17:42:49,541 [INFO] - sheet activated for Power-448
2023-05-10 17:42:50,813 [INFO] - Save changes to workbook
2023-05-10 17:43:31,039 [INFO] - process started
2023-05-10 17:43:32,768 [INFO] - Calling Macquarie_ov
2023-05-10 17:43:32,769 [INFO] - Inside MACQUARIE_OV
2023-05-10 17:43:37,854 [INFO] - Dataframe made from TC file
2023-05-10 17:43:44,439 [INFO] - File loaded in workbook
2023-05-10 17:43:51,004 [INFO] - data went for first sheet
2023-05-10 17:44:15,130 [INFO] - sheet activated for Bulk-434
2023-05-10 17:44:30,179 [INFO] - sheet activated for Power-435
2023-05-10 17:44:37,047 [INFO] - sheet activated for Power-437
2023-05-10 17:44:49,113 [INFO] - sheet activated for Center-442
2023-05-10 17:44:52,843 [INFO] - sheet activated for Center-443
2023-05-10 17:44:58,471 [INFO] - sheet activated for Power-448
2023-05-10 17:45:00,910 [INFO] - Save changes to workbook
2023-05-10 17:45:02,961 [INFO] - Closed workbook
2023-05-10 17:45:02,963 [INFO] -  Engine Disposed ---- end
2023-05-10 17:45:02,973 [INFO] - Snowflake Connector for Python Version: 2.7.9, Python Version: 3.8.5, Platform: Windows-10-10.0.19041-SP0
2023-05-10 17:45:02,973 [INFO] - This connection is in OCSP Fail Open Mode. TLS Certificates would be checked for validity and revocation status. Any other Certificate Revocation related exceptions or OCSP Responder failures would be disregarded in favor of connectivity.
2023-05-10 17:45:02,973 [INFO] - Setting use_openssl_only mode to False
2023-05-10 17:45:05,586 [INFO] - query: [SELECT 1]
2023-05-10 17:45:05,854 [INFO] - query execution done
2023-05-10 17:45:05,857 [INFO] - query: [select * from POWERDB.PLOG.BU_CONFIG_PARAMS where PROJECT_NAME = 'BU_ALERTS' and...]
2023-05-10 17:45:06,149 [INFO] - query execution done
2023-05-10 17:45:06,152 [INFO] - closed
2023-05-10 17:45:06,383 [INFO] - No async queries seem to be running, deleting session
